<?xml version="1.0" encoding="UTF-8"?>
<!-- Generated by org.testng.reporters.JUnitXMLReporter -->
<testsuite ignored="0" hostname="Vaibhavs-MacBook-Air.local" failures="0" tests="4" name="Default test" time="278.397" errors="0" timestamp="2024-02-23T13:13:53 IST">
  <testcase classname="entrata.NewTest" name="validate_baseCamp_registration" time="31.856"/>
  <testcase classname="entrata.NewTest" name="validate_doItAllWithEntrata_Tiles" time="16.467"/>
  <testcase classname="entrata.NewTest" name="validate_error_on_PropertyManagerLoginPage" time="26.78"/>
  <testcase classname="entrata.NewTest" name="validate_solutions_list" time="13.658"/>
</testsuite> <!-- Default test -->
